# JRE version: OpenJDK Runtime Environment (17.0.11) (build 17.0.11+0--11852314)
# Java VM: OpenJDK 64-Bit Server VM (17.0.11+0--11852314, mixed mode, tiered, compressed oops, compressed class ptrs, g1 gc, windows-amd64)
GC Precious Log:
 CPUs: 8 total, 8 available
 Memory: 7069M
 Large Page Support: Disabled
 NUMA Support: Disabled
 Compressed Oops: Enabled (32-bit)
 Heap Region Size: 1M
 Heap Min Capacity: 8M
 Heap Initial Capacity: 112M
 Heap Max Capacity: 1768M
 Pre-touch: Disabled
 Parallel Workers: 8
 Concurrent Workers: 2
 Concurrent Refinement Workers: 8
 Periodic GC: Disabled
Heap:
 garbage-first heap   total 54272K, used 25344K [0x0000000091800000, 0x0000000100000000)
  region size 1024K, 6 young (6144K), 2 survivors (2048K)
 Metaspace       used 45996K, committed 46208K, reserved 1114112K
  class space    used 5616K, committed 5696K, reserved 1048576K
GC Heap History (20 events):
Event: 9.056 GC heap before
{Heap before GC invocations=0 (full 0):
 garbage-first heap   total 114688K, used 27648K [0x0000000091800000, 0x0000000100000000)
  region size 1024K, 23 young (23552K), 0 survivors (0K)
 Metaspace       used 13387K, committed 13504K, reserved 1114112K
  class space    used 1290K, committed 1344K, reserved 1048576K
}
Event: 9.109 GC heap after
{Heap after GC invocations=1 (full 0):
 garbage-first heap   total 114688K, used 6784K [0x0000000091800000, 0x0000000100000000)
  region size 1024K, 3 young (3072K), 3 survivors (3072K)
 Metaspace       used 13387K, committed 13504K, reserved 1114112K
  class space    used 1290K, committed 1344K, reserved 1048576K
}
Event: 14.548 GC heap before
{Heap before GC invocations=1 (full 0):
 garbage-first heap   total 114688K, used 37504K [0x0000000091800000, 0x0000000100000000)
  region size 1024K, 34 young (34816K), 3 survivors (3072K)
 Metaspace       used 21361K, committed 21504K, reserved 1114112K
  class space    used 2322K, committed 2432K, reserved 1048576K
}
Event: 14.572 GC heap after
{Heap after GC invocations=2 (full 0):
 garbage-first heap   total 114688K, used 10289K [0x0000000091800000, 0x0000000100000000)
  region size 1024K, 4 young (4096K), 4 survivors (4096K)
 Metaspace       used 21361K, committed 21504K, reserved 1114112K
  class space    used 2322K, committed 2432K, reserved 1048576K
}
Event: 18.077 GC heap before
{Heap before GC invocations=3 (full 0):
 garbage-first heap   total 40960K, used 30769K [0x0000000091800000, 0x0000000100000000)
  region size 1024K, 24 young (24576K), 4 survivors (4096K)
 Metaspace       used 27678K, committed 27840K, reserved 1114112K
  class space    used 3212K, committed 3264K, reserved 1048576K
}
Event: 18.096 GC heap after
{Heap after GC invocations=4 (full 0):
 garbage-first heap   total 40960K, used 11507K [0x0000000091800000, 0x0000000100000000)
  region size 1024K, 2 young (2048K), 2 survivors (2048K)
 Metaspace       used 27678K, committed 27840K, reserved 1114112K
  class space    used 3212K, committed 3264K, reserved 1048576K
}
Event: 18.231 GC heap before
{Heap before GC invocations=4 (full 0):
 garbage-first heap   total 40960K, used 12531K [0x0000000091800000, 0x0000000100000000)
  region size 1024K, 3 young (3072K), 2 survivors (2048K)
 Metaspace       used 28197K, committed 28352K, reserved 1114112K
  class space    used 3386K, committed 3456K, reserved 1048576K
}
Event: 18.240 GC heap after
{Heap after GC invocations=5 (full 0):
 garbage-first heap   total 40960K, used 11558K [0x0000000091800000, 0x0000000100000000)
  region size 1024K, 1 young (1024K), 1 survivors (1024K)
 Metaspace       used 28197K, committed 28352K, reserved 1114112K
  class space    used 3386K, committed 3456K, reserved 1048576K
}
Event: 20.680 GC heap before
{Heap before GC invocations=5 (full 0):
 garbage-first heap   total 40960K, used 33062K [0x0000000091800000, 0x0000000100000000)
  region size 1024K, 20 young (20480K), 1 survivors (1024K)
 Metaspace       used 29943K, committed 30144K, reserved 1114112K
  class space    used 3680K, committed 3776K, reserved 1048576K
}
Event: 20.700 GC heap after
{Heap after GC invocations=6 (full 0):
 garbage-first heap   total 40960K, used 18293K [0x0000000091800000, 0x0000000100000000)
  region size 1024K, 3 young (3072K), 3 survivors (3072K)
 Metaspace       used 29943K, committed 30144K, reserved 1114112K
  class space    used 3680K, committed 3776K, reserved 1048576K
}
Event: 22.381 GC heap before
{Heap before GC invocations=7 (full 0):
 garbage-first heap   total 40960K, used 30581K [0x0000000091800000, 0x0000000100000000)
  region size 1024K, 15 young (15360K), 3 survivors (3072K)
 Metaspace       used 33717K, committed 33920K, reserved 1114112K
  class space    used 4305K, committed 4416K, reserved 1048576K
}
Event: 22.395 GC heap after
{Heap after GC invocations=8 (full 0):
 garbage-first heap   total 40960K, used 19671K [0x0000000091800000, 0x0000000100000000)
  region size 1024K, 2 young (2048K), 2 survivors (2048K)
 Metaspace       used 33717K, committed 33920K, reserved 1114112K
  class space    used 4305K, committed 4416K, reserved 1048576K
}
Event: 22.497 GC heap before
{Heap before GC invocations=8 (full 0):
 garbage-first heap   total 40960K, used 20695K [0x0000000091800000, 0x0000000100000000)
  region size 1024K, 3 young (3072K), 2 survivors (2048K)
 Metaspace       used 33846K, committed 34112K, reserved 1114112K
  class space    used 4319K, committed 4416K, reserved 1048576K
}
Event: 22.503 GC heap after
{Heap after GC invocations=9 (full 0):
 garbage-first heap   total 40960K, used 19333K [0x0000000091800000, 0x0000000100000000)
  region size 1024K, 1 young (1024K), 1 survivors (1024K)
 Metaspace       used 33846K, committed 34112K, reserved 1114112K
  class space    used 4319K, committed 4416K, reserved 1048576K
}
Event: 23.326 GC heap before
{Heap before GC invocations=9 (full 0):
 garbage-first heap   total 40960K, used 29573K [0x0000000091800000, 0x0000000100000000)
  region size 1024K, 12 young (12288K), 1 survivors (1024K)
 Metaspace       used 35872K, committed 36160K, reserved 1114112K
  class space    used 4555K, committed 4672K, reserved 1048576K
}
Event: 23.333 GC heap after
{Heap after GC invocations=10 (full 0):
 garbage-first heap   total 54272K, used 18245K [0x0000000091800000, 0x0000000100000000)
  region size 1024K, 2 young (2048K), 2 survivors (2048K)
 Metaspace       used 35872K, committed 36160K, reserved 1114112K
  class space    used 4555K, committed 4672K, reserved 1048576K
}
Event: 24.366 GC heap before
{Heap before GC invocations=11 (full 0):
 garbage-first heap   total 54272K, used 38725K [0x0000000091800000, 0x0000000100000000)
  region size 1024K, 23 young (23552K), 2 survivors (2048K)
 Metaspace       used 40277K, committed 40512K, reserved 1114112K
  class space    used 4940K, committed 5056K, reserved 1048576K
}
Event: 24.377 GC heap after
{Heap after GC invocations=12 (full 0):
 garbage-first heap   total 54272K, used 20675K [0x0000000091800000, 0x0000000100000000)
  region size 1024K, 3 young (3072K), 3 survivors (3072K)
 Metaspace       used 40277K, committed 40512K, reserved 1114112K
  class space    used 4940K, committed 5056K, reserved 1048576K
}
Event: 26.840 GC heap before
{Heap before GC invocations=12 (full 0):
 garbage-first heap   total 54272K, used 40131K [0x0000000091800000, 0x0000000100000000)
  region size 1024K, 22 young (22528K), 3 survivors (3072K)
 Metaspace       used 45239K, committed 45504K, reserved 1114112K
  class space    used 5529K, committed 5632K, reserved 1048576K
}
Event: 26.855 GC heap after
{Heap after GC invocations=13 (full 0):
 garbage-first heap   total 54272K, used 22272K [0x0000000091800000, 0x0000000100000000)
  region size 1024K, 2 young (2048K), 2 survivors (2048K)
 Metaspace       used 45239K, committed 45504K, reserved 1114112K
  class space    used 5529K, committed 5632K, reserved 1048576K
}

